This file contains any messages produced by compilers while
running configure, to aid debugging if configure makes a mistake.

It was created by configure, which was
generated by GNU Autoconf 2.71.  Invocation command line was

  $ ./configure

## --------- ##
## Platform. ##
## --------- ##

hostname = AKASHI-no-MacBook.local
uname -m = x86_64
uname -r = 19.6.0
uname -s = Darwin
uname -v = Darwin Kernel Version 19.6.0: Mon Aug 31 22:12:52 PDT 2020; root:xnu-6153.141.2~1/RELEASE_X86_64

/usr/bin/uname -p = i386
/bin/uname -X     = unknown

/bin/arch              = unknown
/usr/bin/arch -k       = unknown
/usr/convex/getsysinfo = unknown
/usr/bin/hostinfo      = Mach kernel version:
	 Darwin Kernel Version 19.6.0: Mon Aug 31 22:12:52 PDT 2020; root:xnu-6153.141.2~1/RELEASE_X86_64
Kernel configured for up to 4 processors.
2 processors are physically available.
4 processors are logically available.
Processor type: x86_64h (Intel x86-64h Haswell)
Processors active: 0 1 2 3
Primary memory available: 8.00 gigabytes
Default processor set: 371 tasks, 1912 threads, 4 processors
Load average: 1.62, Mach factor: 2.38
/bin/machine           = unknown
/usr/bin/oslevel       = unknown
/bin/universe          = unknown

PATH: /usr/local/opt/php@7.4/sbin/
PATH: /usr/local/opt/php@7.4/bin/
PATH: /Users/akashiayaka/.nodebrew/current/bin/
PATH: /usr/local/bin/
PATH: /usr/local/sbin/
PATH: /usr/bin/
PATH: /bin/
PATH: /usr/sbin/
PATH: /sbin/
PATH: /usr/local/opt/php@7.4/sbin/
PATH: /usr/local/opt/php@7.4/bin/
PATH: /Users/akashiayaka/.nodebrew/current/bin/


## ----------- ##
## Core tests. ##
## ----------- ##

configure:2503: looking for aux files: config.guess config.sub
configure:2516:  trying ./build/
configure:2545:   ./build/config.guess found
configure:2545:   ./build/config.sub found
configure:2662: checking for grep that handles long lines and -e
configure:2726: result: /usr/bin/grep
configure:2731: checking for egrep
configure:2799: result: /usr/bin/grep -E
configure:2804: checking for a sed that does not truncate output
configure:2874: result: /usr/bin/sed
configure:3018: checking for pkg-config
configure:3041: found /usr/local/bin/pkg-config
configure:3053: result: /usr/local/bin/pkg-config
configure:3078: checking pkg-config is at least version 0.9.0
configure:3081: result: yes
configure:3157: checking for cc
configure:3178: found /usr/bin/cc
configure:3189: result: cc
configure:3220: checking for C compiler version
configure:3229: cc --version >&5
Apple clang version 12.0.0 (clang-1200.0.32.21)
Target: x86_64-apple-darwin19.6.0
Thread model: posix
InstalledDir: /Library/Developer/CommandLineTools/usr/bin
configure:3240: $? = 0
configure:3229: cc -v >&5
Apple clang version 12.0.0 (clang-1200.0.32.21)
Target: x86_64-apple-darwin19.6.0
Thread model: posix
InstalledDir: /Library/Developer/CommandLineTools/usr/bin
configure:3240: $? = 0
configure:3229: cc -V >&5
clang: error: argument to '-V' is missing (expected 1 value)
clang: error: no input files
configure:3240: $? = 1
configure:3229: cc -qversion >&5
clang: error: unknown argument '-qversion'; did you mean '--version'?
clang: error: no input files
configure:3240: $? = 1
configure:3229: cc -version >&5
clang: error: unknown argument '-version'; did you mean '--version'?
clang: error: no input files
configure:3240: $? = 1
configure:3260: checking whether the C compiler works
configure:3282: cc    conftest.c  >&5
configure:3286: $? = 0
configure:3336: result: yes
configure:3339: checking for C compiler default output file name
configure:3341: result: a.out
configure:3347: checking for suffix of executables
configure:3354: cc -o conftest    conftest.c  >&5
configure:3358: $? = 0
configure:3381: result: 
configure:3403: checking whether we are cross compiling
configure:3411: cc -o conftest    conftest.c  >&5
configure:3415: $? = 0
configure:3422: ./conftest
configure:3426: $? = 0
configure:3441: result: no
configure:3446: checking for suffix of object files
configure:3469: cc -c   conftest.c >&5
configure:3473: $? = 0
configure:3495: result: o
configure:3499: checking whether the compiler supports GNU C
configure:3519: cc -c   conftest.c >&5
configure:3519: $? = 0
configure:3529: result: yes
configure:3540: checking whether cc accepts -g
configure:3561: cc -c -g  conftest.c >&5
configure:3561: $? = 0
configure:3605: result: yes
configure:3625: checking for cc option to enable C11 features
configure:3640: cc  -c -g -O2  conftest.c >&5
configure:3640: $? = 0
configure:3658: result: none needed
configure:3774: checking how to run the C preprocessor
configure:3800: cc -E  conftest.c
configure:3800: $? = 0
configure:3815: cc -E  conftest.c
conftest.c:9:10: fatal error: 'ac_nonexistent.h' file not found
#include <ac_nonexistent.h>
         ^~~~~~~~~~~~~~~~~~
1 error generated.
configure:3815: $? = 1
configure: failed program was:
| /* confdefs.h */
| #define PACKAGE_NAME ""
| #define PACKAGE_TARNAME ""
| #define PACKAGE_VERSION ""
| #define PACKAGE_STRING ""
| #define PACKAGE_BUGREPORT ""
| #define PACKAGE_URL ""
| /* end confdefs.h.  */
| #include <ac_nonexistent.h>
configure:3842: result: cc -E
configure:3856: cc -E  conftest.c
configure:3856: $? = 0
configure:3871: cc -E  conftest.c
conftest.c:9:10: fatal error: 'ac_nonexistent.h' file not found
#include <ac_nonexistent.h>
         ^~~~~~~~~~~~~~~~~~
1 error generated.
configure:3871: $? = 1
configure: failed program was:
| /* confdefs.h */
| #define PACKAGE_NAME ""
| #define PACKAGE_TARNAME ""
| #define PACKAGE_VERSION ""
| #define PACKAGE_STRING ""
| #define PACKAGE_BUGREPORT ""
| #define PACKAGE_URL ""
| /* end confdefs.h.  */
| #include <ac_nonexistent.h>
configure:3904: checking for icc
configure:3914: result: no
configure:3928: checking for suncc
configure:3938: result: no
configure:3956: checking for system library directory
configure:3972: result: lib
configure:3979: checking if compiler supports -R
configure:3999: cc -o conftest -g -O2   conftest.c -R /usr/lib  >&5
warning: unknown remark option '-R' [-Wunknown-warning-option]
1 warning generated.
ld: can't map file, errno=22 file '/Library/Developer/CommandLineTools/SDKs/MacOSX.sdk/usr/lib' for architecture x86_64
clang: error: linker command failed with exit code 1 (use -v to see invocation)
configure:3999: $? = 1
configure: failed program was:
| /* confdefs.h */
| #define PACKAGE_NAME ""
| #define PACKAGE_TARNAME ""
| #define PACKAGE_VERSION ""
| #define PACKAGE_STRING ""
| #define PACKAGE_BUGREPORT ""
| #define PACKAGE_URL ""
| /* end confdefs.h.  */
| 
| int
| main (void)
| {
| 
|   ;
|   return 0;
| }
configure:4010: result: no
configure:4015: checking if compiler supports -Wl,-rpath,
configure:4035: cc -o conftest -g -O2   conftest.c -Wl,-rpath,/usr/lib  >&5
configure:4035: $? = 0
configure:4046: result: yes
configure:4065: checking build system type
configure:4080: result: x86_64-apple-darwin19.6.0
configure:4100: checking host system type
configure:4114: result: x86_64-apple-darwin19.6.0
configure:4134: checking target system type
configure:4148: result: x86_64-apple-darwin19.6.0
configure:4252: checking for PHP prefix
configure:4254: result: /usr/local/Cellar/php@7.4/7.4.20
configure:4256: checking for PHP includes
configure:4258: result: -I/usr/local/Cellar/php@7.4/7.4.20/include/php -I/usr/local/Cellar/php@7.4/7.4.20/include/php/main -I/usr/local/Cellar/php@7.4/7.4.20/include/php/TSRM -I/usr/local/Cellar/php@7.4/7.4.20/include/php/Zend -I/usr/local/Cellar/php@7.4/7.4.20/include/php/ext -I/usr/local/Cellar/php@7.4/7.4.20/include/php/ext/date/lib
configure:4260: checking for PHP extension directory
configure:4262: result: /usr/local/Cellar/php@7.4/7.4.20/pecl/20190902
configure:4264: checking for PHP installed headers prefix
configure:4266: result: /usr/local/Cellar/php@7.4/7.4.20/include/php
configure:4269: checking if debug is enabled
configure:4296: result: no
configure:4299: checking if zts is enabled
configure:4326: result: no
configure:4394: checking for gawk
configure:4430: result: no
configure:4394: checking for nawk
configure:4430: result: no
configure:4394: checking for awk
configure:4416: found /usr/bin/awk
configure:4427: result: awk
configure:4450: checking if awk is broken
configure:4457: result: no
configure:4471: checking whether to enable memcached support
configure:4511: result: yes, shared
configure:4520: checking for libmemcached
configure:4561: result: yes, shared
configure:4570: checking whether to enable memcached session handler support
configure:4585: result: yes
configure:4594: checking whether to enable memcached igbinary serializer support
configure:4609: result: no
configure:4618: checking whether to enable memcached json serializer support
configure:4633: result: no
configure:4642: checking whether to enable memcached msgpack serializer support
configure:4657: result: no
configure:4666: checking whether to enable memcached sasl support
configure:4681: result: yes
configure:4690: checking whether to enable memcached protocol support
configure:4705: result: no
configure:4714: checking whether to use system FastLZ library
configure:4730: result: no
configure:4740: checking for ZLIB
configure:4781: result: yes, shared
configure:4806: checking for pkg-config
configure:4842: result: /usr/local/bin/pkg-config
configure:4878: checking for zlib location
configure:4881: result: /usr/local/opt/zlib
configure:5016: checking for session includes
configure:5037: result: /usr/local/Cellar/php@7.4/7.4.20/include/php
configure:5129: checking for memcached session support
configure:5132: result: enabled
configure:5165: checking for memcached igbinary support
configure:5197: result: disabled
configure:5201: checking for memcached msgpack support
configure:5233: result: disabled
configure:5237: checking for libmemcached location
configure:5257: result: found version 1.0.18, under /usr/local/Cellar/libmemcached/1.0.18_2
configure:5406: checking for libmemcached sasl.h requirement
configure:5430: cc -c -g -O2 -I/usr/local/Cellar/php@7.4/7.4.20/include/php -I/usr/local/Cellar/php@7.4/7.4.20/include/php/main -I/usr/local/Cellar/php@7.4/7.4.20/include/php/TSRM -I/usr/local/Cellar/php@7.4/7.4.20/include/php/Zend -I/usr/local/Cellar/php@7.4/7.4.20/include/php/ext -I/usr/local/Cellar/php@7.4/7.4.20/include/php/ext/date/lib -I/usr/local/opt/zlib/include -I/usr/local/Cellar/libmemcached/1.0.18_2/include  conftest.c >&5
configure:5430: $? = 0
configure:5440: result: yes
configure:5448: checking for stdio.h
configure:5448: cc -c -g -O2 -I/usr/local/Cellar/php@7.4/7.4.20/include/php -I/usr/local/Cellar/php@7.4/7.4.20/include/php/main -I/usr/local/Cellar/php@7.4/7.4.20/include/php/TSRM -I/usr/local/Cellar/php@7.4/7.4.20/include/php/Zend -I/usr/local/Cellar/php@7.4/7.4.20/include/php/ext -I/usr/local/Cellar/php@7.4/7.4.20/include/php/ext/date/lib -I/usr/local/opt/zlib/include -I/usr/local/Cellar/libmemcached/1.0.18_2/include  conftest.c >&5
configure:5448: $? = 0
configure:5448: result: yes
configure:5448: checking for stdlib.h
configure:5448: cc -c -g -O2 -I/usr/local/Cellar/php@7.4/7.4.20/include/php -I/usr/local/Cellar/php@7.4/7.4.20/include/php/main -I/usr/local/Cellar/php@7.4/7.4.20/include/php/TSRM -I/usr/local/Cellar/php@7.4/7.4.20/include/php/Zend -I/usr/local/Cellar/php@7.4/7.4.20/include/php/ext -I/usr/local/Cellar/php@7.4/7.4.20/include/php/ext/date/lib -I/usr/local/opt/zlib/include -I/usr/local/Cellar/libmemcached/1.0.18_2/include  conftest.c >&5
configure:5448: $? = 0
configure:5448: result: yes
configure:5448: checking for string.h
configure:5448: cc -c -g -O2 -I/usr/local/Cellar/php@7.4/7.4.20/include/php -I/usr/local/Cellar/php@7.4/7.4.20/include/php/main -I/usr/local/Cellar/php@7.4/7.4.20/include/php/TSRM -I/usr/local/Cellar/php@7.4/7.4.20/include/php/Zend -I/usr/local/Cellar/php@7.4/7.4.20/include/php/ext -I/usr/local/Cellar/php@7.4/7.4.20/include/php/ext/date/lib -I/usr/local/opt/zlib/include -I/usr/local/Cellar/libmemcached/1.0.18_2/include  conftest.c >&5
configure:5448: $? = 0
configure:5448: result: yes
configure:5448: checking for inttypes.h
configure:5448: cc -c -g -O2 -I/usr/local/Cellar/php@7.4/7.4.20/include/php -I/usr/local/Cellar/php@7.4/7.4.20/include/php/main -I/usr/local/Cellar/php@7.4/7.4.20/include/php/TSRM -I/usr/local/Cellar/php@7.4/7.4.20/include/php/Zend -I/usr/local/Cellar/php@7.4/7.4.20/include/php/ext -I/usr/local/Cellar/php@7.4/7.4.20/include/php/ext/date/lib -I/usr/local/opt/zlib/include -I/usr/local/Cellar/libmemcached/1.0.18_2/include  conftest.c >&5
configure:5448: $? = 0
configure:5448: result: yes
configure:5448: checking for stdint.h
configure:5448: cc -c -g -O2 -I/usr/local/Cellar/php@7.4/7.4.20/include/php -I/usr/local/Cellar/php@7.4/7.4.20/include/php/main -I/usr/local/Cellar/php@7.4/7.4.20/include/php/TSRM -I/usr/local/Cellar/php@7.4/7.4.20/include/php/Zend -I/usr/local/Cellar/php@7.4/7.4.20/include/php/ext -I/usr/local/Cellar/php@7.4/7.4.20/include/php/ext/date/lib -I/usr/local/opt/zlib/include -I/usr/local/Cellar/libmemcached/1.0.18_2/include  conftest.c >&5
configure:5448: $? = 0
configure:5448: result: yes
configure:5448: checking for strings.h
configure:5448: cc -c -g -O2 -I/usr/local/Cellar/php@7.4/7.4.20/include/php -I/usr/local/Cellar/php@7.4/7.4.20/include/php/main -I/usr/local/Cellar/php@7.4/7.4.20/include/php/TSRM -I/usr/local/Cellar/php@7.4/7.4.20/include/php/Zend -I/usr/local/Cellar/php@7.4/7.4.20/include/php/ext -I/usr/local/Cellar/php@7.4/7.4.20/include/php/ext/date/lib -I/usr/local/opt/zlib/include -I/usr/local/Cellar/libmemcached/1.0.18_2/include  conftest.c >&5
configure:5448: $? = 0
configure:5448: result: yes
configure:5448: checking for sys/stat.h
configure:5448: cc -c -g -O2 -I/usr/local/Cellar/php@7.4/7.4.20/include/php -I/usr/local/Cellar/php@7.4/7.4.20/include/php/main -I/usr/local/Cellar/php@7.4/7.4.20/include/php/TSRM -I/usr/local/Cellar/php@7.4/7.4.20/include/php/Zend -I/usr/local/Cellar/php@7.4/7.4.20/include/php/ext -I/usr/local/Cellar/php@7.4/7.4.20/include/php/ext/date/lib -I/usr/local/opt/zlib/include -I/usr/local/Cellar/libmemcached/1.0.18_2/include  conftest.c >&5
configure:5448: $? = 0
configure:5448: result: yes
configure:5448: checking for sys/types.h
configure:5448: cc -c -g -O2 -I/usr/local/Cellar/php@7.4/7.4.20/include/php -I/usr/local/Cellar/php@7.4/7.4.20/include/php/main -I/usr/local/Cellar/php@7.4/7.4.20/include/php/TSRM -I/usr/local/Cellar/php@7.4/7.4.20/include/php/Zend -I/usr/local/Cellar/php@7.4/7.4.20/include/php/ext -I/usr/local/Cellar/php@7.4/7.4.20/include/php/ext/date/lib -I/usr/local/opt/zlib/include -I/usr/local/Cellar/libmemcached/1.0.18_2/include  conftest.c >&5
configure:5448: $? = 0
configure:5448: result: yes
configure:5448: checking for unistd.h
configure:5448: cc -c -g -O2 -I/usr/local/Cellar/php@7.4/7.4.20/include/php -I/usr/local/Cellar/php@7.4/7.4.20/include/php/main -I/usr/local/Cellar/php@7.4/7.4.20/include/php/TSRM -I/usr/local/Cellar/php@7.4/7.4.20/include/php/Zend -I/usr/local/Cellar/php@7.4/7.4.20/include/php/ext -I/usr/local/Cellar/php@7.4/7.4.20/include/php/ext/date/lib -I/usr/local/opt/zlib/include -I/usr/local/Cellar/libmemcached/1.0.18_2/include  conftest.c >&5
configure:5448: $? = 0
configure:5448: result: yes
configure:5475: checking for sasl/sasl.h
configure:5475: cc -c -g -O2 -I/usr/local/Cellar/php@7.4/7.4.20/include/php -I/usr/local/Cellar/php@7.4/7.4.20/include/php/main -I/usr/local/Cellar/php@7.4/7.4.20/include/php/TSRM -I/usr/local/Cellar/php@7.4/7.4.20/include/php/Zend -I/usr/local/Cellar/php@7.4/7.4.20/include/php/ext -I/usr/local/Cellar/php@7.4/7.4.20/include/php/ext/date/lib -I/usr/local/opt/zlib/include -I/usr/local/Cellar/libmemcached/1.0.18_2/include  conftest.c >&5
configure:5475: $? = 0
configure:5475: result: yes
configure:5487: checking whether to enable sasl support
configure:5494: result: yes
configure:5602: checking for sasl_client_init in -lsasl2
configure:5625: cc -o conftest -g -O2 -I/usr/local/Cellar/php@7.4/7.4.20/include/php -I/usr/local/Cellar/php@7.4/7.4.20/include/php/main -I/usr/local/Cellar/php@7.4/7.4.20/include/php/TSRM -I/usr/local/Cellar/php@7.4/7.4.20/include/php/Zend -I/usr/local/Cellar/php@7.4/7.4.20/include/php/ext -I/usr/local/Cellar/php@7.4/7.4.20/include/php/ext/date/lib -I/usr/local/opt/zlib/include -I/usr/local/Cellar/libmemcached/1.0.18_2/include   conftest.c -lsasl2   >&5
configure:5625: $? = 0
configure:5635: result: yes
configure:5692: checking whether memcached_exist is defined
configure:5710: cc -o conftest -g -O2 -I/usr/local/Cellar/php@7.4/7.4.20/include/php -I/usr/local/Cellar/php@7.4/7.4.20/include/php/main -I/usr/local/Cellar/php@7.4/7.4.20/include/php/TSRM -I/usr/local/Cellar/php@7.4/7.4.20/include/php/Zend -I/usr/local/Cellar/php@7.4/7.4.20/include/php/ext -I/usr/local/Cellar/php@7.4/7.4.20/include/php/ext/date/lib -I/usr/local/opt/zlib/include -I/usr/local/Cellar/libmemcached/1.0.18_2/include -I/usr/local/Cellar/libmemcached/1.0.18_2/include   conftest.c  -L/usr/local/Cellar/libmemcached/1.0.18_2/lib -lmemcached -lmemcachedutil >&5
configure:5710: $? = 0
configure:5720: result: yes
configure:5735: checking whether memcached_set_encoding_key is defined
configure:5753: cc -o conftest -g -O2 -I/usr/local/Cellar/php@7.4/7.4.20/include/php -I/usr/local/Cellar/php@7.4/7.4.20/include/php/main -I/usr/local/Cellar/php@7.4/7.4.20/include/php/TSRM -I/usr/local/Cellar/php@7.4/7.4.20/include/php/Zend -I/usr/local/Cellar/php@7.4/7.4.20/include/php/ext -I/usr/local/Cellar/php@7.4/7.4.20/include/php/ext/date/lib -I/usr/local/opt/zlib/include -I/usr/local/Cellar/libmemcached/1.0.18_2/include -I/usr/local/Cellar/libmemcached/1.0.18_2/include   conftest.c  -L/usr/local/Cellar/libmemcached/1.0.18_2/lib -lmemcached -lmemcachedutil >&5
configure:5753: $? = 0
configure:5763: result: yes
configure:5978: checking for memcached protocol support
configure:6277: result: disabled
configure:6649: checking for a sed that does not truncate output
configure:6704: result: /usr/bin/sed
configure:6719: checking for ld used by cc
configure:6787: result: /Library/Developer/CommandLineTools/usr/bin/ld
configure:6794: checking if the linker (/Library/Developer/CommandLineTools/usr/bin/ld) is GNU ld
configure:6810: result: no
configure:6815: checking for /Library/Developer/CommandLineTools/usr/bin/ld option to reload object files
configure:6823: result: -r
configure:6841: checking for BSD-compatible nm
configure:6891: result: /usr/bin/nm -B
configure:6895: checking whether ln -s works
configure:6899: result: yes
configure:6906: checking how to recognize dependent libraries
configure:7093: result: pass_all
configure:7313: checking for dlfcn.h
configure:7313: cc -c -g -O2 -I/usr/local/Cellar/php@7.4/7.4.20/include/php -I/usr/local/Cellar/php@7.4/7.4.20/include/php/main -I/usr/local/Cellar/php@7.4/7.4.20/include/php/TSRM -I/usr/local/Cellar/php@7.4/7.4.20/include/php/Zend -I/usr/local/Cellar/php@7.4/7.4.20/include/php/ext -I/usr/local/Cellar/php@7.4/7.4.20/include/php/ext/date/lib -I/usr/local/opt/zlib/include -I/usr/local/Cellar/libmemcached/1.0.18_2/include  conftest.c >&5
configure:7313: $? = 0
configure:7313: result: yes
configure:7332: checking the maximum length of command line arguments
configure:7445: result: 196608
configure:7457: checking command to parse /usr/bin/nm -B output from cc object
configure:7563: cc -c -g -O2 -I/usr/local/Cellar/php@7.4/7.4.20/include/php -I/usr/local/Cellar/php@7.4/7.4.20/include/php/main -I/usr/local/Cellar/php@7.4/7.4.20/include/php/TSRM -I/usr/local/Cellar/php@7.4/7.4.20/include/php/Zend -I/usr/local/Cellar/php@7.4/7.4.20/include/php/ext -I/usr/local/Cellar/php@7.4/7.4.20/include/php/ext/date/lib -I/usr/local/opt/zlib/include -I/usr/local/Cellar/libmemcached/1.0.18_2/include  conftest.c >&5
configure:7566: $? = 0
configure:7570: /usr/bin/nm -B conftest.o \| sed -n -e 's/^.*[ 	]\([BCDEGRST][BCDEGRST]*\)[ 	][ 	]*\([_A-Za-z][_A-Za-z0-9]*\)$/\1 \2 \2/p' \> conftest.nm
configure:7573: $? = 0
cannot find nm_test_var in conftest.nm
configure:7563: cc -c -g -O2 -I/usr/local/Cellar/php@7.4/7.4.20/include/php -I/usr/local/Cellar/php@7.4/7.4.20/include/php/main -I/usr/local/Cellar/php@7.4/7.4.20/include/php/TSRM -I/usr/local/Cellar/php@7.4/7.4.20/include/php/Zend -I/usr/local/Cellar/php@7.4/7.4.20/include/php/ext -I/usr/local/Cellar/php@7.4/7.4.20/include/php/ext/date/lib -I/usr/local/opt/zlib/include -I/usr/local/Cellar/libmemcached/1.0.18_2/include  conftest.c >&5
configure:7566: $? = 0
configure:7570: /usr/bin/nm -B conftest.o \| sed -n -e 's/^.*[ 	]\([BCDEGRST][BCDEGRST]*\)[ 	][ 	]*_\([_A-Za-z][_A-Za-z0-9]*\)$/\1 _\2 \2/p' \> conftest.nm
configure:7573: $? = 0
configure:7625: cc -o conftest -g -O2 -I/usr/local/Cellar/php@7.4/7.4.20/include/php -I/usr/local/Cellar/php@7.4/7.4.20/include/php/main -I/usr/local/Cellar/php@7.4/7.4.20/include/php/TSRM -I/usr/local/Cellar/php@7.4/7.4.20/include/php/Zend -I/usr/local/Cellar/php@7.4/7.4.20/include/php/ext -I/usr/local/Cellar/php@7.4/7.4.20/include/php/ext/date/lib -I/usr/local/opt/zlib/include -I/usr/local/Cellar/libmemcached/1.0.18_2/include   conftest.c conftstm.o >&5
warning: (x86_64)  could not find object file symbol for symbol _main
configure:7628: $? = 0
configure:7666: result: ok
configure:7670: checking for objdir
configure:7686: result: .libs
configure:7783: checking for ar
configure:7804: found /usr/bin/ar
configure:7815: result: ar
configure:7885: checking for ranlib
configure:7906: found /usr/bin/ranlib
configure:7917: result: ranlib
configure:7987: checking for strip
configure:8008: found /usr/bin/strip
configure:8019: result: strip
configure:8279: checking for dsymutil
configure:8300: found /usr/bin/dsymutil
configure:8311: result: dsymutil
configure:8381: checking for nmedit
configure:8402: found /usr/bin/nmedit
configure:8413: result: nmedit
configure:8436: checking for -single_module linker flag
configure:8458: result: yes
configure:8460: checking for -exported_symbols_list linker flag
configure:8477: cc -o conftest -g -O2 -I/usr/local/Cellar/php@7.4/7.4.20/include/php -I/usr/local/Cellar/php@7.4/7.4.20/include/php/main -I/usr/local/Cellar/php@7.4/7.4.20/include/php/TSRM -I/usr/local/Cellar/php@7.4/7.4.20/include/php/Zend -I/usr/local/Cellar/php@7.4/7.4.20/include/php/ext -I/usr/local/Cellar/php@7.4/7.4.20/include/php/ext/date/lib -I/usr/local/opt/zlib/include -I/usr/local/Cellar/libmemcached/1.0.18_2/include   -Wl,-exported_symbols_list,conftest.sym conftest.c  >&5
configure:8480: $? = 0
configure:8494: result: yes
configure:8614: checking if cc supports -fno-rtti -fno-exceptions
configure:8633: cc -c -g -O2 -I/usr/local/Cellar/php@7.4/7.4.20/include/php -I/usr/local/Cellar/php@7.4/7.4.20/include/php/main -I/usr/local/Cellar/php@7.4/7.4.20/include/php/TSRM -I/usr/local/Cellar/php@7.4/7.4.20/include/php/Zend -I/usr/local/Cellar/php@7.4/7.4.20/include/php/ext -I/usr/local/Cellar/php@7.4/7.4.20/include/php/ext/date/lib -I/usr/local/opt/zlib/include -I/usr/local/Cellar/libmemcached/1.0.18_2/include  -fno-rtti -fno-exceptions conftest.c >&5
configure:8637: $? = 0
configure:8650: result: yes
configure:8665: checking for cc option to produce PIC
configure:8905: result: -fno-common
configure:8913: checking if cc PIC flag -fno-common works
configure:8932: cc -c -g -O2 -I/usr/local/Cellar/php@7.4/7.4.20/include/php -I/usr/local/Cellar/php@7.4/7.4.20/include/php/main -I/usr/local/Cellar/php@7.4/7.4.20/include/php/TSRM -I/usr/local/Cellar/php@7.4/7.4.20/include/php/Zend -I/usr/local/Cellar/php@7.4/7.4.20/include/php/ext -I/usr/local/Cellar/php@7.4/7.4.20/include/php/ext/date/lib -I/usr/local/opt/zlib/include -I/usr/local/Cellar/libmemcached/1.0.18_2/include  -fno-common -DPIC conftest.c >&5
configure:8936: $? = 0
configure:8949: result: yes
configure:8977: checking if cc static flag -static works
configure:9006: result: no
configure:9016: checking if cc supports -c -o file.o
configure:9038: cc -c -g -O2 -I/usr/local/Cellar/php@7.4/7.4.20/include/php -I/usr/local/Cellar/php@7.4/7.4.20/include/php/main -I/usr/local/Cellar/php@7.4/7.4.20/include/php/TSRM -I/usr/local/Cellar/php@7.4/7.4.20/include/php/Zend -I/usr/local/Cellar/php@7.4/7.4.20/include/php/ext -I/usr/local/Cellar/php@7.4/7.4.20/include/php/ext/date/lib -I/usr/local/opt/zlib/include -I/usr/local/Cellar/libmemcached/1.0.18_2/include  -o out/conftest2.o conftest.c >&5
configure:9042: $? = 0
configure:9064: result: yes
configure:9090: checking whether the cc linker (/Library/Developer/CommandLineTools/usr/bin/ld) supports shared libraries
configure:10018: result: yes
configure:10085: checking dynamic linker characteristics
configure:10683: result: darwin19.6.0 dyld
configure:10709: checking how to hardcode library paths into programs
configure:10734: result: immediate
configure:10748: checking whether stripping libraries is possible
configure:10762: result: yes
configure:11266: checking if libtool supports shared libraries
configure:11268: result: yes
configure:11271: checking whether to build shared libraries
configure:11292: result: yes
configure:11295: checking whether to build static libraries
configure:11299: result: no
configure:11393: result:
creating libtool
configure:15099: patching config.h.in
configure:15110: creating ./config.status

## ---------------------- ##
## Running config.status. ##
## ---------------------- ##

This file was extended by config.status, which was
generated by GNU Autoconf 2.71.  Invocation command line was

  CONFIG_FILES    = 
  CONFIG_HEADERS  = 
  CONFIG_LINKS    = 
  CONFIG_COMMANDS = 
  $ ./config.status 

on AKASHI-no-MacBook.local

config.status:674: creating config.h

## ---------------- ##
## Cache variables. ##
## ---------------- ##

ac_cv_build=x86_64-apple-darwin19.6.0
ac_cv_c_compiler_gnu=yes
ac_cv_env_CC_set=
ac_cv_env_CC_value=
ac_cv_env_CFLAGS_set=
ac_cv_env_CFLAGS_value=
ac_cv_env_CPPFLAGS_set=
ac_cv_env_CPPFLAGS_value=
ac_cv_env_CPP_set=
ac_cv_env_CPP_value=
ac_cv_env_LDFLAGS_set=
ac_cv_env_LDFLAGS_value=
ac_cv_env_LIBS_set=
ac_cv_env_LIBS_value=
ac_cv_env_PKG_CONFIG_LIBDIR_set=
ac_cv_env_PKG_CONFIG_LIBDIR_value=
ac_cv_env_PKG_CONFIG_PATH_set=
ac_cv_env_PKG_CONFIG_PATH_value=
ac_cv_env_PKG_CONFIG_set=
ac_cv_env_PKG_CONFIG_value=
ac_cv_env_build_alias_set=
ac_cv_env_build_alias_value=
ac_cv_env_host_alias_set=
ac_cv_env_host_alias_value=
ac_cv_env_target_alias_set=
ac_cv_env_target_alias_value=
ac_cv_have_fastlz=no
ac_cv_have_memc_sasl_h=yes
ac_cv_have_memcached_exist=yes
ac_cv_have_memcached_set_encoding_key=yes
ac_cv_header_dlfcn_h=yes
ac_cv_header_inttypes_h=yes
ac_cv_header_sasl_sasl_h=yes
ac_cv_header_stdint_h=yes
ac_cv_header_stdio_h=yes
ac_cv_header_stdlib_h=yes
ac_cv_header_string_h=yes
ac_cv_header_strings_h=yes
ac_cv_header_sys_stat_h=yes
ac_cv_header_sys_types_h=yes
ac_cv_header_unistd_h=yes
ac_cv_host=x86_64-apple-darwin19.6.0
ac_cv_lib_sasl2_sasl_client_init=yes
ac_cv_memc_sasl_support=yes
ac_cv_objext=o
ac_cv_path_EGREP='/usr/bin/grep -E'
ac_cv_path_GREP=/usr/bin/grep
ac_cv_path_PKG_CONFIG=/usr/local/bin/pkg-config
ac_cv_path_SED=/usr/bin/sed
ac_cv_path_ac_pt_PKG_CONFIG=/usr/local/bin/pkg-config
ac_cv_prog_AWK=awk
ac_cv_prog_CPP='cc -E'
ac_cv_prog_ac_ct_AR=ar
ac_cv_prog_ac_ct_CC=cc
ac_cv_prog_ac_ct_DSYMUTIL=dsymutil
ac_cv_prog_ac_ct_NMEDIT=nmedit
ac_cv_prog_ac_ct_RANLIB=ranlib
ac_cv_prog_ac_ct_STRIP=strip
ac_cv_prog_cc_c11=
ac_cv_prog_cc_g=yes
ac_cv_prog_cc_stdc=
ac_cv_target=x86_64-apple-darwin19.6.0
lt_cv_apple_cc_single_mod=yes
lt_cv_deplibs_check_method=pass_all
lt_cv_file_magic_cmd='$MAGIC_CMD'
lt_cv_file_magic_test_file=
lt_cv_ld_exported_symbols_list=yes
lt_cv_ld_reload_flag=-r
lt_cv_objdir=.libs
lt_cv_path_LD=/Library/Developer/CommandLineTools/usr/bin/ld
lt_cv_path_NM='/usr/bin/nm -B'
lt_cv_path_SED=/usr/bin/sed
lt_cv_prog_compiler_c_o=yes
lt_cv_prog_compiler_pic_works=yes
lt_cv_prog_compiler_rtti_exceptions=yes
lt_cv_prog_compiler_static_works=no
lt_cv_prog_gnu_ld=no
lt_cv_sys_global_symbol_pipe='sed -n -e '\''s/^.*[ 	]\([BCDEGRST][BCDEGRST]*\)[ 	][ 	]*_\([_A-Za-z][_A-Za-z0-9]*\)$/\1 _\2 \2/p'\'''
lt_cv_sys_global_symbol_to_c_name_address='sed -n -e '\''s/^: \([^ ]*\) $/  {\"\1\", (lt_ptr) 0},/p'\'' -e '\''s/^[BCDEGRST] \([^ ]*\) \([^ ]*\)$/  {"\2", (lt_ptr) \&\2},/p'\'''
lt_cv_sys_global_symbol_to_cdecl='sed -n -e '\''s/^. .* \(.*\)$/extern int \1;/p'\'''
lt_cv_sys_lib_dlsearch_path_spec='/usr/local/lib /lib /usr/lib'
lt_cv_sys_lib_search_path_spec='/Library/Developer/CommandLineTools/usr/lib/clang/12.0.0 /usr/local/lib'
lt_cv_sys_max_cmd_len=196608
lt_lt_cv_prog_compiler_c_o='"yes"'
lt_lt_cv_sys_global_symbol_pipe='"sed -n -e '\''s/^.*[ 	]\\([BCDEGRST][BCDEGRST]*\\)[ 	][ 	]*_\\([_A-Za-z][_A-Za-z0-9]*\\)\$/\\1 _\\2 \\2/p'\''"'
lt_lt_cv_sys_global_symbol_to_c_name_address='"sed -n -e '\''s/^: \\([^ ]*\\) \$/  {\\\"\\1\\\", (lt_ptr) 0},/p'\'' -e '\''s/^[BCDEGRST] \\([^ ]*\\) \\([^ ]*\\)\$/  {\"\\2\", (lt_ptr) \\&\\2},/p'\''"'
lt_lt_cv_sys_global_symbol_to_cdecl='"sed -n -e '\''s/^. .* \\(.*\\)\$/extern int \\1;/p'\''"'
php_cv_cc_dashr=no
php_cv_cc_rpath=yes

## ----------------- ##
## Output variables. ##
## ----------------- ##

AR='ar'
AWK='awk'
CC='cc'
CFLAGS='-g -O2 -I/usr/local/Cellar/php@7.4/7.4.20/include/php -I/usr/local/Cellar/php@7.4/7.4.20/include/php/main -I/usr/local/Cellar/php@7.4/7.4.20/include/php/TSRM -I/usr/local/Cellar/php@7.4/7.4.20/include/php/Zend -I/usr/local/Cellar/php@7.4/7.4.20/include/php/ext -I/usr/local/Cellar/php@7.4/7.4.20/include/php/ext/date/lib -I/usr/local/opt/zlib/include -I/usr/local/Cellar/libmemcached/1.0.18_2/include'
CONFIGURE_COMMAND=' '\''./configure'\'' '
CONFIGURE_OPTIONS=''
CPP='cc -E'
CPPFLAGS=' -DHAVE_CONFIG_H'
DEFS='-DHAVE_CONFIG_H'
DSYMUTIL='dsymutil'
ECHO='/bin/echo'
ECHO_C='\c'
ECHO_N=''
ECHO_T=''
EGREP='/usr/bin/grep -E'
EXEEXT=''
GREP='/usr/bin/grep'
LDFLAGS=''
LIBOBJS=''
LIBS=''
LIBTOOL='$(SHELL) $(top_builddir)/libtool'
LN_S='ln -s'
LTLIBOBJS=''
NMEDIT='nmedit'
OBJEXT='o'
PACKAGE_BUGREPORT=''
PACKAGE_NAME=''
PACKAGE_STRING=''
PACKAGE_TARNAME=''
PACKAGE_URL=''
PACKAGE_VERSION=''
PATH_SEPARATOR=':'
PKG_CONFIG='/usr/local/bin/pkg-config'
PKG_CONFIG_LIBDIR=''
PKG_CONFIG_PATH=''
RANLIB='ranlib'
SED='/usr/bin/sed'
SHELL='/bin/sh'
SHLIB_DL_SUFFIX_NAME='so'
SHLIB_SUFFIX_NAME='dylib'
STRIP='strip'
ac_ct_CC='cc'
bindir='${exec_prefix}/bin'
build='x86_64-apple-darwin19.6.0'
build_alias=''
build_cpu='x86_64'
build_os='darwin19.6.0'
build_vendor='apple'
datadir='${datarootdir}'
datarootdir='${prefix}/share'
docdir='${datarootdir}/doc/${PACKAGE}'
dvidir='${docdir}'
exec_prefix='$(prefix)'
host='x86_64-apple-darwin19.6.0'
host_alias='x86_64-apple-darwin19.6.0'
host_cpu='x86_64'
host_os='darwin19.6.0'
host_vendor='apple'
htmldir='${docdir}'
includedir='${prefix}/include'
infodir='${datarootdir}/info'
libdir='${exec_prefix}/lib'
libexecdir='${exec_prefix}/libexec'
localedir='${datarootdir}/locale'
localstatedir='${prefix}/var'
mandir='${datarootdir}/man'
oldincludedir='/usr/include'
pdfdir='${docdir}'
prefix='/usr/local/Cellar/php@7.4/7.4.20'
program_transform_name='s,x,x,'
psdir='${docdir}'
runstatedir='${localstatedir}/run'
sbindir='${exec_prefix}/sbin'
sharedstatedir='${prefix}/com'
sysconfdir='${prefix}/etc'
target='x86_64-apple-darwin19.6.0'
target_alias=''
target_cpu='x86_64'
target_os='darwin19.6.0'
target_vendor='apple'

## ----------- ##
## confdefs.h. ##
## ----------- ##

/* confdefs.h */
#define PACKAGE_NAME ""
#define PACKAGE_TARNAME ""
#define PACKAGE_VERSION ""
#define PACKAGE_STRING ""
#define PACKAGE_BUGREPORT ""
#define PACKAGE_URL ""
#define HAVE_MEMCACHED_SESSION 1
#define HAVE_STDIO_H 1
#define HAVE_STDLIB_H 1
#define HAVE_STRING_H 1
#define HAVE_INTTYPES_H 1
#define HAVE_STDINT_H 1
#define HAVE_STRINGS_H 1
#define HAVE_SYS_STAT_H 1
#define HAVE_SYS_TYPES_H 1
#define HAVE_UNISTD_H 1
#define STDC_HEADERS 1
#define HAVE_SASL_SASL_H 1
#define HAVE_MEMCACHED_SASL 1
#define HAVE_MEMCACHED_EXIST 1
#define HAVE_MEMCACHED_SET_ENCODING_KEY 1
#define COMPILE_DL_MEMCACHED 1
#define HAVE_DLFCN_H 1

configure: exit 0
